<?xml version="1.0" encoding="UTF-8"?>
<testng-results ignored="0" total="1" passed="1" failed="0" skipped="0">
  <reporter-output>
  </reporter-output>
  <suite started-at="2022-12-06T19:27:19 CST" name="Default suite" finished-at="2022-12-06T19:27:48 CST" duration-ms="29807">
    <groups>
    </groups>
    <test started-at="2022-12-06T19:27:19 CST" name="Default test" finished-at="2022-12-06T19:27:48 CST" duration-ms="29807">
      <class name="cart.SearchAndTestCartPageTest">
        <test-method signature="userShouldBeAbleToSearch()[pri:0, instance:cart.SearchAndTestCartPageTest@3a6bb9bf]" started-at="2022-12-06T19:27:19 CST" name="userShouldBeAbleToSearch" finished-at="2022-12-06T19:27:48 CST" duration-ms="29774" status="PASS">
          <reporter-output>
          </reporter-output>
        </test-method> <!-- userShouldBeAbleToSearch -->
      </class> <!-- cart.SearchAndTestCartPageTest -->
    </test> <!-- Default test -->
  </suite> <!-- Default suite -->
</testng-results>
